Arguments: 
  D:\software\nodejs\node.exe C:\Users\Admin\AppData\Roaming\npm\node_modules\yarn\bin\yarn.js

PATH: 
  C:\Windows\system32;C:\Windows;C:\Windows\System32\Wbem;C:\Windows\System32\WindowsPowerShell\v1.0\;C:\Windows\System32\OpenSSH\;D:\software\nodejs\;D:\software\Git\cmd;C:\Users\Admin\AppData\Local\Microsoft\WindowsApps;C:\Users\Admin\AppData\Roaming\npm;D:\software\Microsoft VS Code\bin

Yarn version: 
  1.22.17

Node version: 
  16.13.1

Platform: 
  win32 x64

Trace: 
  Error: EPERM: operation not permitted, unlink 'C:\Users\Admin\AppData\Local\Yarn\Cache\v6\npm-source-map-0.6.1-74722af32e9614e9c287a8d0bbde48b5e2f1a263-integrity\node_modules\source-map\.yarn-tarball.tgz'

npm manifest: 
  {
    "private": true,
    "scripts": {
      "bootstrap": "lerna bootstrap",
      "start": "dumi dev",
      "build": "dumi build",
      "compile": "father-build",
      "changelog": "lerna-changelog",
      "clean": "lerna clean -y",
      "test": "umi-test --coverage",
      "debug": "umi-test",
      "publish": "npm run compile && lerna publish"
    },
    "devDependencies": {
      "@types/classnames": "^2.2.11",
      "@types/jest": "^24.0.13",
      "babel-plugin-version": "^0.2.3",
      "dumi": "^1.1.7",
      "dumi-theme-mobile": "^1.0.7",
      "father-build": "^1.19.2",
      "lerna": "^3.6.0",
      "lerna-changelog": "^0.8.2",
      "umi-test": "^1.5.12",
      "umi-tools": "^0.4.0",
      "umi-types": "^0.5.3"
    }
  }

yarn manifest: 
  No manifest

Lockfile: 
  No lockfile
